app/build/outputs/logs/manifest-merger-debug-report.txt
-- Merging decision tree log ---
manifest
ADDED from src\main\AndroidManifest.xml:2:1-138:12
	package
		ADDED from src\main\AndroidManifest.xml:3:5-41
		INJECTED from src\main\AndroidManifest.xml
		INJECTED from src\main\AndroidManifest.xml
	android:versionName
		INJECTED from src\main\AndroidManifest.xml
		INJECTED from src\main\AndroidManifest.xml
	xmlns:android
		ADDED from src\main\AndroidManifest.xml:2:11-69
	android:versionCode
		INJECTED from src\main\AndroidManifest.xml
		INJECTED from src\main\AndroidManifest.xml
uses-permission#android.permission.WRITE_EXTERNAL_STORAGE
ADDED from src\main\AndroidManifest.xml:4:5-80
	android:name
		ADDED from src\main\AndroidManifest.xml:4:22-78
uses-permission#android.permission.CAMERA
ADDED from src\main\AndroidManifest.xml:5:5-64
	android:name
		ADDED from src\main\AndroidManifest.xml:5:22-62
application
ADDED from src\main\AndroidManifest.xml:7:5-136:19
MERGED from [com.android.support:appcompat-v7:23.0.1] AndroidManifest.xml:22:5-20
MERGED from [com.android.support:support-v4:23.0.1] AndroidManifest.xml:22:5-20
MERGED from [com.android.support:design:23.0.1] AndroidManifest.xml:22:5-20
MERGED from [com.android.support:support-v4:23.0.1] AndroidManifest.xml:22:5-20
MERGED from [com.android.support:appcompat-v7:23.0.1] AndroidManifest.xml:22:5-20
MERGED from [com.android.support:support-v4:23.0.1] AndroidManifest.xml:22:5-20
MERGED from [me.dm7.barcodescanner:zbar:1.8.2] AndroidManifest.xml:11:5-20
MERGED from [me.dm7.barcodescanner:core:1.8.2] AndroidManifest.xml:11:5-20
MERGED from [com.android.support:support-v4:23.0.1] AndroidManifest.xml:22:5-20
	android:label
		ADDED from src\main\AndroidManifest.xml:10:9-41
	android:allowBackup
		ADDED from src\main\AndroidManifest.xml:8:9-35
	android:icon
		ADDED from src\main\AndroidManifest.xml:9:9-51
	android:theme
		ADDED from src\main\AndroidManifest.xml:11:9-40
activity#com.example.vaibhav.flamex.MainActivity
ADDED from src\main\AndroidManifest.xml:12:9-21:20
	android:screenOrientation
		ADDED from src\main\AndroidManifest.xml:15:13-50
	android:label
		ADDED from src\main\AndroidManifest.xml:14:13-45
	android:theme
		ADDED from src\main\AndroidManifest.xml:16:14-57
	android:name
		ADDED from src\main\AndroidManifest.xml:13:13-41
intent-filter#android.intent.category.DEFAULT+com.example.vaibhav.flamex.MAINACTIVITY
ADDED from src\main\AndroidManifest.xml:17:13-20:29
action#com.example.vaibhav.flamex.MAINACTIVITY
ADDED from src\main\AndroidManifest.xml:18:17-82
	android:name
		ADDED from src\main\AndroidManifest.xml:18:25-79
category#android.intent.category.DEFAULT
ADDED from src\main\AndroidManifest.xml:19:17-76
	android:name
		ADDED from src\main\AndroidManifest.xml:19:27-73
activity#com.example.vaibhav.flamex.BarcodeScanner
ADDED from src\main\AndroidManifest.xml:22:9-31:20
	android:screenOrientation
		ADDED from src\main\AndroidManifest.xml:25:13-49
	android:label
		ADDED from src\main\AndroidManifest.xml:24:13-45
	android:theme
		ADDED from src\main\AndroidManifest.xml:26:13-56
	android:name
		ADDED from src\main\AndroidManifest.xml:23:13-43
intent-filter#android.intent.category.DEFAULT+com.example.vaibhav.flamex.BARCODESCANNER
ADDED from src\main\AndroidManifest.xml:27:13-30:29
action#com.example.vaibhav.flamex.BARCODESCANNER
ADDED from src\main\AndroidManifest.xml:28:17-84
	android:name
		ADDED from src\main\AndroidManifest.xml:28:25-81
activity#com.example.vaibhav.flamex.UpdateInventory
ADDED from src\main\AndroidManifest.xml:32:9-41:20
	android:screenOrientation
		ADDED from src\main\AndroidManifest.xml:33:13-50
	android:label
		ADDED from src\main\AndroidManifest.xml:35:13-45
	android:theme
		ADDED from src\main\AndroidManifest.xml:36:13-56
	android:name
		ADDED from src\main\AndroidManifest.xml:34:13-44
intent-filter#android.intent.category.DEFAULT+com.example.vaibhav.flamex.UPDATEINVENTORY
ADDED from src\main\AndroidManifest.xml:37:13-40:29
action#com.example.vaibhav.flamex.UPDATEINVENTORY
ADDED from src\main\AndroidManifest.xml:38:17-85
	android:name
		ADDED from src\main\AndroidManifest.xml:38:25-82
activity#com.example.vaibhav.flamex.Add
ADDED from src\main\AndroidManifest.xml:42:9-52:20
	android:screenOrientation
		ADDED from src\main\AndroidManifest.xml:45:13-50
	android:label
		ADDED from src\main\AndroidManifest.xml:44:13-45
	android:name
		ADDED from src\main\AndroidManifest.xml:43:13-32
intent-filter#android.intent.category.DEFAULT+com.example.vaibhav.flamex.ADD
ADDED from src\main\AndroidManifest.xml:47:13-51:29
action#com.example.vaibhav.flamex.ADD
ADDED from src\main\AndroidManifest.xml:48:17-73
	android:name
		ADDED from src\main\AndroidManifest.xml:48:25-70
activity#com.example.vaibhav.flamex.Addproducts
ADDED from src\main\AndroidManifest.xml:53:9-63:20
	android:screenOrientation
		ADDED from src\main\AndroidManifest.xml:54:13-50
	android:label
		ADDED from src\main\AndroidManifest.xml:56:13-45
	android:name
		ADDED from src\main\AndroidManifest.xml:55:13-40
intent-filter#android.intent.category.DEFAULT+com.example.vaibhav.flamex.ADDPRODUCTS
ADDED from src\main\AndroidManifest.xml:58:13-62:29
action#com.example.vaibhav.flamex.ADDPRODUCTS
ADDED from src\main\AndroidManifest.xml:59:17-81
	android:name
		ADDED from src\main\AndroidManifest.xml:59:25-78
activity#com.example.vaibhav.flamex.AddCategory
ADDED from src\main\AndroidManifest.xml:64:9-73:20
	android:screenOrientation
		ADDED from src\main\AndroidManifest.xml:65:13-50
	android:label
		ADDED from src\main\AndroidManifest.xml:67:13-45
	android:name
		ADDED from src\main\AndroidManifest.xml:66:13-40
intent-filter#android.intent.category.DEFAULT+com.example.vaibhav.flamex.ADDCATEGORY
ADDED from src\main\AndroidManifest.xml:69:13-72:29
action#com.example.vaibhav.flamex.ADDCATEGORY
ADDED from src\main\AndroidManifest.xml:70:17-81
	android:name
		ADDED from src\main\AndroidManifest.xml:70:25-78
activity#com.example.vaibhav.flamex.calc
ADDED from src\main\AndroidManifest.xml:74:9-84:20
	android:screenOrientation
		ADDED from src\main\AndroidManifest.xml:75:13-50
	android:label
		ADDED from src\main\AndroidManifest.xml:77:13-39
	android:windowSoftInputMode
		ADDED from src\main\AndroidManifest.xml:78:13-60
	android:theme
		ADDED from src\main\AndroidManifest.xml:79:13-56
	android:name
		ADDED from src\main\AndroidManifest.xml:76:13-32
activity#com.example.vaibhav.flamex.Discount_calc
ADDED from src\main\AndroidManifest.xml:85:9-96:20
	android:screenOrientation
		ADDED from src\main\AndroidManifest.xml:86:13-50
	android:label
		ADDED from src\main\AndroidManifest.xml:88:13-39
	android:windowSoftInputMode
		ADDED from src\main\AndroidManifest.xml:89:13-60
	android:theme
		ADDED from src\main\AndroidManifest.xml:90:13-56
	android:name
		ADDED from src\main\AndroidManifest.xml:87:13-42
intent-filter#android.intent.category.DEFAULT+com.example.vaibhav.flamex.DISCOUNTCALC
ADDED from src\main\AndroidManifest.xml:91:13-95:29
action#com.example.vaibhav.flamex.DISCOUNTCALC
ADDED from src\main\AndroidManifest.xml:92:17-82
	android:name
		ADDED from src\main\AndroidManifest.xml:92:25-79
activity#com.example.vaibhav.flamex.Analytics
ADDED from src\main\AndroidManifest.xml:97:9-107:20
	android:screenOrientation
		ADDED from src\main\AndroidManifest.xml:98:13-50
	android:label
		ADDED from src\main\AndroidManifest.xml:100:13-45
	android:theme
		ADDED from src\main\AndroidManifest.xml:101:13-56
	android:name
		ADDED from src\main\AndroidManifest.xml:99:13-38
intent-filter#android.intent.category.DEFAULT+com.example.vaibhav.flamex.ANATICS
ADDED from src\main\AndroidManifest.xml:102:13-106:29
action#com.example.vaibhav.flamex.ANATICS
ADDED from src\main\AndroidManifest.xml:103:17-77
	android:name
		ADDED from src\main\AndroidManifest.xml:103:25-74
activity#com.example.vaibhav.flamex.Billhistory
ADDED from src\main\AndroidManifest.xml:108:9-118:20
	android:screenOrientation
		ADDED from src\main\AndroidManifest.xml:109:13-50
	android:label
		ADDED from src\main\AndroidManifest.xml:111:13-45
	android:theme
		ADDED from src\main\AndroidManifest.xml:112:13-56
	android:name
		ADDED from src\main\AndroidManifest.xml:110:13-40
intent-filter#android.intent.category.DEFAULT+com.example.vaibhav.flamex.BILLHISTORY
ADDED from src\main\AndroidManifest.xml:113:13-117:29
action#com.example.vaibhav.flamex.BILLHISTORY
ADDED from src\main\AndroidManifest.xml:114:17-81
	android:name
		ADDED from src\main\AndroidManifest.xml:114:25-78
activity#com.example.vaibhav.flamex.HomeActivity
ADDED from src\main\AndroidManifest.xml:119:9-128:20
	android:screenOrientation
		ADDED from src\main\AndroidManifest.xml:120:13-50
	android:label
		ADDED from src\main\AndroidManifest.xml:122:13-45
	android:theme
		ADDED from src\main\AndroidManifest.xml:123:13-56
	android:name
		ADDED from src\main\AndroidManifest.xml:121:13-41
intent-filter#android.intent.category.DEFAULT+com.example.vaibhav.flamex.HOMEACTIVITY
ADDED from src\main\AndroidManifest.xml:124:13-127:29
action#com.example.vaibhav.flamex.HOMEACTIVITY
ADDED from src\main\AndroidManifest.xml:125:17-82
	android:name
		ADDED from src\main\AndroidManifest.xml:125:25-79
activity#com.example.vaibhav.flamex.SplashScreen
ADDED from src\main\AndroidManifest.xml:129:9-135:20
	android:name
		ADDED from src\main\AndroidManifest.xml:130:13-41
intent-filter#android.intent.action.MAIN+android.intent.category.LAUNCHER
ADDED from src\main\AndroidManifest.xml:131:13-134:29
action#android.intent.action.MAIN
ADDED from src\main\AndroidManifest.xml:132:17-69
	android:name
		ADDED from src\main\AndroidManifest.xml:132:25-66
category#android.intent.category.LAUNCHER
ADDED from src\main\AndroidManifest.xml:133:17-77
	android:name
		ADDED from src\main\AndroidManifest.xml:133:27-74
uses-sdk
INJECTED from src\main\AndroidManifest.xml reason: use-sdk injection requested
MERGED from [com.android.support:appcompat-v7:23.0.1] AndroidManifest.xml:20:5-43
MERGED from [com.android.support:support-v4:23.0.1] AndroidManifest.xml:20:5-43
MERGED from [com.android.support:design:23.0.1] AndroidManifest.xml:20:5-43
MERGED from [com.android.support:support-v4:23.0.1] AndroidManifest.xml:20:5-43
MERGED from [com.android.support:appcompat-v7:23.0.1] AndroidManifest.xml:20:5-43
MERGED from [com.android.support:support-v4:23.0.1] AndroidManifest.xml:20:5-43
MERGED from [me.dm7.barcodescanner:zbar:1.8.2] AndroidManifest.xml:7:5-9:41
MERGED from [me.dm7.barcodescanner:core:1.8.2] AndroidManifest.xml:7:5-9:41
MERGED from [com.android.support:support-v4:23.0.1] AndroidManifest.xml:20:5-43
MERGED from [com.beardedhen:androidbootstrap:2.0.0] AndroidManifest.xml:8:5-10:41
	android:targetSdkVersion
		INJECTED from src\main\AndroidManifest.xml
		INJECTED from src\main\AndroidManifest.xml
	android:minSdkVersion
		INJECTED from src\main\AndroidManifest.xml
		INJECTED from src\main\AndroidManifest.xml